g:\tu\tut sem8\дипломна работа\соурце\new\pixio\hellogpu\debug\vc140.pdb
g:\tu\tut sem8\дипломна работа\соурце\new\pixio\hellogpu\debug\vc140.idb
g:\tu\tut sem8\дипломна работа\соурце\new\pixio\hellogpu\debug\hellogpu.obj
g:\tu\tut sem8\дипломна работа\соурце\new\pixio\hellogpu\debug\mesh.obj
g:\tu\tut sem8\дипломна работа\соурце\new\pixio\hellogpu\debug\renderer.obj
g:\tu\tut sem8\дипломна работа\соурце\new\pixio\hellogpu\debug\shader.obj
g:\tu\tut sem8\дипломна работа\соурце\new\pixio\hellogpu\debug\resourcemanager.obj
g:\tu\tut sem8\дипломна работа\соурце\new\pixio\hellogpu\debug\main.obj
g:\tu\tut sem8\дипломна работа\соурце\new\pixio\debug\engine.ilk
g:\tu\tut sem8\дипломна работа\соурце\new\pixio\debug\engine.exe
g:\tu\tut sem8\дипломна работа\соурце\new\pixio\debug\engine.pdb
g:\tu\tut sem8\дипломна работа\соурце\new\pixio\hellogpu\debug\hellogpu.vcxprojresolveassemblyreference.cache
g:\tu\tut sem8\дипломна работа\соурце\new\pixio\hellogpu\debug\hellogpu.obj.enc
g:\tu\tut sem8\дипломна работа\соурце\new\pixio\hellogpu\debug\main.obj.enc
g:\tu\tut sem8\дипломна работа\соурце\new\pixio\hellogpu\debug\resourcemanager.obj.enc
g:\tu\tut sem8\дипломна работа\соурце\new\pixio\hellogpu\debug\engine.tlog\cl.command.1.tlog
g:\tu\tut sem8\дипломна работа\соурце\new\pixio\hellogpu\debug\engine.tlog\cl.read.1.tlog
g:\tu\tut sem8\дипломна работа\соурце\new\pixio\hellogpu\debug\engine.tlog\cl.write.1.tlog
g:\tu\tut sem8\дипломна работа\соурце\new\pixio\hellogpu\debug\engine.tlog\link.command.1.tlog
g:\tu\tut sem8\дипломна работа\соурце\new\pixio\hellogpu\debug\engine.tlog\link.read.1.tlog
g:\tu\tut sem8\дипломна работа\соурце\new\pixio\hellogpu\debug\engine.tlog\link.write.1.tlog
